[2025-05-04 14:44:43] hey Aztec
[2025-05-04 14:48:29] what is 5 + 5
[2025-05-04 14:48:47] what is the date and time today
[2025-05-04 14:48:53] what is the date
[2025-05-04 14:49:02] why can't you help me with what is 5 + 5
[2025-05-04 14:49:13] stop
[2025-05-04 14:58:08] how are you today
[2025-05-04 14:58:16] tell me a joke
[2025-05-04 14:58:24] stop
[2025-05-04 14:59:26] tell me a joke
[2025-05-04 14:59:38] joke joke
[2025-05-04 14:59:43] stop
[2025-05-04 15:12:14] tell me a joke
[2025-05-04 15:12:33] what is your name
[2025-05-04 15:12:45] what's a fun fact
[2025-05-04 15:12:58] that's amazing
[2025-05-04 15:13:04] stop
[2025-05-04 15:14:13] tell me a joke
[2025-05-04 15:14:20] tell me another joke
[2025-05-04 15:14:26] tell me a joke
[2025-05-04 15:14:45] search for
[2025-05-04 15:14:58] search for what is 5 + 5
[2025-05-04 15:15:19] play Friends in Low Places
[2025-05-04 15:16:14] play Grenade by Bruno Mars
[2025-05-04 15:16:30] easy easy go that's just how you live or change
[2025-05-04 15:16:35] stop
